Using pre-set license
Built from '2020.3/staging' branch; Version is '2020.3.20f1 (41c4e627c95f) revision 4310246'; Using compiler version '192528614'; Build Type 'Release'
OS: 'Windows 10 Home; OS build 22000.1455; Version 2009; 64bit' Language: 'nl' Physical Memory: 15716 MB
BatchMode: 1, IsHumanControllingUs: 0, StartBugReporterOnCrash: 0, Is64bit: 1, IsPro: 0

COMMAND LINE ARGUMENTS:
C:\Program Files\Unity\Hub\Editor\2020.3.20f1\Editor\Unity.exe
-adb2
-batchMode
-noUpm
-name
AssetImportWorker0
-projectPath
C:/Users/fpwee/OneDrive/Documenten/Awesome/HotelOfDeath/HotelOfDeath
-logFile
Logs/AssetImportWorker0.log
-srvPort
55291
Successfully changed project path to: C:/Users/fpwee/OneDrive/Documenten/Awesome/HotelOfDeath/HotelOfDeath
C:/Users/fpwee/OneDrive/Documenten/Awesome/HotelOfDeath/HotelOfDeath
Using Asset Import Pipeline V2.
Refreshing native plugins compatible for Editor in 37.36 ms, found 2 plugins.
Preloading 0 native plugins for Editor in 0.00 ms.
Initialize engine version: 2020.3.20f1 (41c4e627c95f)
[Subsystems] Discovering subsystems at path C:/Program Files/Unity/Hub/Editor/2020.3.20f1/Editor/Data/Resources/UnitySubsystems
[Subsystems] Discovering subsystems at path C:/Users/fpwee/OneDrive/Documenten/Awesome/HotelOfDeath/HotelOfDeath/Assets
GfxDevice: creating device client; threaded=0
Direct3D:
    Version:  Direct3D 11.0 [level 11.1]
    Renderer: NVIDIA GeForce RTX 3060 Laptop GPU (ID=0x2520)
    Vendor:   
    VRAM:     6023 MB
    Driver:   30.0.15.1278
Initialize mono
Mono path[0] = 'C:/Program Files/Unity/Hub/Editor/2020.3.20f1/Editor/Data/Managed'
Mono path[1] = 'C:/Program Files/Unity/Hub/Editor/2020.3.20f1/Editor/Data/MonoBleedingEdge/lib/mono/unityjit'
Mono config path = 'C:/Program Files/Unity/Hub/Editor/2020.3.20f1/Editor/Data/MonoBleedingEdge/etc'
Using monoOptions --debugger-agent=transport=dt_socket,embedding=1,server=y,suspend=n,address=127.0.0.1:56256
Begin MonoManager ReloadAssembly
Registering precompiled unity dll's ...
Register platform support module: C:/Program Files/Unity/Hub/Editor/2020.3.20f1/Editor/Data/PlaybackEngines/WindowsStandaloneSupport/UnityEditor.WindowsStandalone.Extensions.dll
Register platform support module: C:/Program Files/Unity/Hub/Editor/2020.3.20f1/Editor/Data/PlaybackEngines/LinuxStandaloneSupport/UnityEditor.LinuxStandalone.Extensions.dll
Registered in 0.002283 seconds.
Native extension for LinuxStandalone target not found
Native extension for WindowsStandalone target not found
Refreshing native plugins compatible for Editor in 27.26 ms, found 2 plugins.
Preloading 0 native plugins for Editor in 0.00 ms.
Mono: successfully reloaded assembly
- Completed reload, in  2.082 seconds
Domain Reload Profiling:
	ReloadAssembly (2082ms)
		BeginReloadAssembly (44ms)
			ExecutionOrderSort (0ms)
			DisableScriptedObjects (0ms)
			BackupInstance (0ms)
			ReleaseScriptingObjects (0ms)
			CreateAndSetChildDomain (1ms)
		EndReloadAssembly (306ms)
			LoadAssemblies (43ms)
			RebuildTransferFunctionScriptingTraits (0ms)
			SetupTypeCache (104ms)
			ReleaseScriptCaches (0ms)
			RebuildScriptCaches (23ms)
			SetupLoadedEditorAssemblies (124ms)
				LogAssemblyErrors (0ms)
				InitializePlatformSupportModulesInManaged (4ms)
				SetLoadedEditorAssemblies (0ms)
				RefreshPlugins (27ms)
				BeforeProcessingInitializeOnLoad (10ms)
				ProcessInitializeOnLoadAttributes (62ms)
				ProcessInitializeOnLoadMethodAttributes (21ms)
				AfterProcessingInitializeOnLoad (0ms)
				EditorAssembliesLoaded (0ms)
			ExecutionOrderSort2 (0ms)
			AwakeInstancesAfterBackupRestoration (0ms)
Platform modules already initialized, skipping
Registering precompiled user dll's ...
Registered in 0.003361 seconds.
Begin MonoManager ReloadAssembly
Native extension for LinuxStandalone target not found
Native extension for WindowsStandalone target not found
Refreshing native plugins compatible for Editor in 0.39 ms, found 2 plugins.
Preloading 0 native plugins for Editor in 0.00 ms.
Mono: successfully reloaded assembly
- Completed reload, in  0.748 seconds
Domain Reload Profiling:
	ReloadAssembly (748ms)
		BeginReloadAssembly (105ms)
			ExecutionOrderSort (0ms)
			DisableScriptedObjects (3ms)
			BackupInstance (0ms)
			ReleaseScriptingObjects (0ms)
			CreateAndSetChildDomain (16ms)
		EndReloadAssembly (596ms)
			LoadAssemblies (71ms)
			RebuildTransferFunctionScriptingTraits (0ms)
			SetupTypeCache (189ms)
			ReleaseScriptCaches (0ms)
			RebuildScriptCaches (29ms)
			SetupLoadedEditorAssemblies (247ms)
				LogAssemblyErrors (0ms)
				InitializePlatformSupportModulesInManaged (6ms)
				SetLoadedEditorAssemblies (0ms)
				RefreshPlugins (0ms)
				BeforeProcessingInitializeOnLoad (73ms)
				ProcessInitializeOnLoadAttributes (159ms)
				ProcessInitializeOnLoadMethodAttributes (3ms)
				AfterProcessingInitializeOnLoad (6ms)
				EditorAssembliesLoaded (0ms)
			ExecutionOrderSort2 (0ms)
			AwakeInstancesAfterBackupRestoration (5ms)
Platform modules already initialized, skipping
========================================================================
Worker process is ready to serve import requests
Launched and connected shader compiler UnityShaderCompiler.exe after 0.03 seconds
Refreshing native plugins compatible for Editor in 0.38 ms, found 2 plugins.
Preloading 0 native plugins for Editor in 0.00 ms.
Unloading 1777 Unused Serialized files (Serialized files now loaded: 0)
System memory in use before: 82.0 MB.
System memory in use after: 82.0 MB.

Unloading 16 unused Assets to reduce memory usage. Loaded Objects now: 2216.
Total: 2.815700 ms (FindLiveObjects: 0.141300 ms CreateObjectMapping: 0.048600 ms MarkObjects: 2.559600 ms  DeleteObjects: 0.065400 ms)

AssetImportParameters requested are different than current active one (requested -> active):
  custom:framework-win-MediaFoundation: 216162199b28c13a410421893ffa2e32 -> 
  custom:video-decoder-ogg-theora: a1e56fd34408186e4bbccfd4996cb3dc -> 
  custom:container-muxer-webm: aa71ff27fc2769a1b78a27578f13a17b -> 
  custom:container-demuxer-webm: 4f35f7cbe854078d1ac9338744f61a02 -> 
  custom:container-demuxer-ogg: 62fdf1f143b41e24485cea50d1cbac27 -> 
  custom:video-encoder-webm-vp8: eb34c28f22e8b96e1ab97ce403110664 -> 
  custom:video-codec-MediaFoundation-h265: 746d11721c4dcdbdad8f713fa42b33f4 -> 
  custom:video-decoder-webm-vp8: 9c59270c3fd7afecdb556c50c9e8de78 -> 
  custom:audio-decoder-ogg-vorbis: bf7c407c2cedff20999df2af8eb42d56 -> 
  custom:audio-encoder-webm-vorbis: bf7c407c2cedff20999df2af8eb42d56 -> 
========================================================================
Received Import Request.
  path: Assets/Scenes/Hotel.unity
  artifactKey: Guid(79289ff2e76ede24d86f10f07e56a1c0) Importer(815301076,1909f56bfc062723c751e8b465ee728b)
Start importing Assets/Scenes/Hotel.unity using Guid(79289ff2e76ede24d86f10f07e56a1c0) Importer(815301076,1909f56bfc062723c751e8b465ee728b)  -> (artifact id: '50dd388a0203d7228b5a0d48f1194a8b') in 0.011808 seconds 
  Import took 0.014514 seconds .

========================================================================
Received Import Request.
  Time since last request: 0.243518 seconds.
  path: Assets/Prefabs/Player.prefab
  artifactKey: Guid(42d805ed2cc9d3d4f8de30fc239aaff2) Importer(815301076,1909f56bfc062723c751e8b465ee728b)
Start importing Assets/Prefabs/Player.prefab using Guid(42d805ed2cc9d3d4f8de30fc239aaff2) Importer(815301076,1909f56bfc062723c751e8b465ee728b)  -> (artifact id: '81a65a653a0c80ebfbfe5a4404162157') in 0.076834 seconds 
  Import took 0.080489 seconds .

========================================================================
Received Import Request.
  Time since last request: 11.028186 seconds.
  path: Assets/Prefabs/Props/Door_2.prefab
  artifactKey: Guid(58bfed693441ae640b211c83694a2f59) Importer(815301076,1909f56bfc062723c751e8b465ee728b)
Start importing Assets/Prefabs/Props/Door_2.prefab using Guid(58bfed693441ae640b211c83694a2f59) Importer(815301076,1909f56bfc062723c751e8b465ee728b)  -> (artifact id: '8a565c117874f946e3656c07745b983a') in 0.013974 seconds 
  Import took 0.017534 seconds .

========================================================================
Received Import Request.
  Time since last request: 4.200296 seconds.
  path: Assets/Prefabs/Props/Door_2.prefab
  artifactKey: Guid(58bfed693441ae640b211c83694a2f59) Importer(815301076,1909f56bfc062723c751e8b465ee728b)
Start importing Assets/Prefabs/Props/Door_2.prefab using Guid(58bfed693441ae640b211c83694a2f59) Importer(815301076,1909f56bfc062723c751e8b465ee728b)  -> (artifact id: '5383d3fdff56e88eb0b749d00e6fd15a') in 0.010308 seconds 
  Import took 0.013817 seconds .

========================================================================
Received Import Request.
  Time since last request: 3.952322 seconds.
  path: Assets/Prefabs/Props/Door_2.prefab
  artifactKey: Guid(58bfed693441ae640b211c83694a2f59) Importer(815301076,1909f56bfc062723c751e8b465ee728b)
Start importing Assets/Prefabs/Props/Door_2.prefab using Guid(58bfed693441ae640b211c83694a2f59) Importer(815301076,1909f56bfc062723c751e8b465ee728b)  -> (artifact id: '94cd1797760e87f1ce7fe011fcf0b933') in 0.013064 seconds 
  Import took 0.016266 seconds .

========================================================================
Received Import Request.
  Time since last request: 2.398304 seconds.
  path: Assets/Prefabs/Props/Door_2.prefab
  artifactKey: Guid(58bfed693441ae640b211c83694a2f59) Importer(815301076,1909f56bfc062723c751e8b465ee728b)
Start importing Assets/Prefabs/Props/Door_2.prefab using Guid(58bfed693441ae640b211c83694a2f59) Importer(815301076,1909f56bfc062723c751e8b465ee728b)  -> (artifact id: 'a873ec5dfe32f85ebb018cf14fb49444') in 0.010538 seconds 
  Import took 0.013596 seconds .

========================================================================
Received Import Request.
  Time since last request: 6.434189 seconds.
  path: Assets/Prefabs/Props/Door_2.prefab
  artifactKey: Guid(58bfed693441ae640b211c83694a2f59) Importer(815301076,1909f56bfc062723c751e8b465ee728b)
Start importing Assets/Prefabs/Props/Door_2.prefab using Guid(58bfed693441ae640b211c83694a2f59) Importer(815301076,1909f56bfc062723c751e8b465ee728b)  -> (artifact id: '3789b13a5cf5a1f3908d358aa82f34af') in 0.009074 seconds 
  Import took 0.012655 seconds .

========================================================================
Received Import Request.
  Time since last request: 25.358437 seconds.
  path: Assets/Prefabs/Props/Door_2.prefab
  artifactKey: Guid(58bfed693441ae640b211c83694a2f59) Importer(815301076,1909f56bfc062723c751e8b465ee728b)
Start importing Assets/Prefabs/Props/Door_2.prefab using Guid(58bfed693441ae640b211c83694a2f59) Importer(815301076,1909f56bfc062723c751e8b465ee728b)  -> (artifact id: 'bef5bef6049810e3943615e4086695ca') in 0.010184 seconds 
  Import took 0.013317 seconds .

========================================================================
Received Import Request.
  Time since last request: 4.715006 seconds.
  path: Assets/Prefabs/Props/Door_2.prefab
  artifactKey: Guid(58bfed693441ae640b211c83694a2f59) Importer(815301076,1909f56bfc062723c751e8b465ee728b)
Start importing Assets/Prefabs/Props/Door_2.prefab using Guid(58bfed693441ae640b211c83694a2f59) Importer(815301076,1909f56bfc062723c751e8b465ee728b)  -> (artifact id: '89f6605dd3428fc501730326eab9e9ea') in 0.010154 seconds 
  Import took 0.013498 seconds .

========================================================================
Received Import Request.
  Time since last request: 6.032024 seconds.
  path: Assets/Prefabs/Props/Door_2.prefab
  artifactKey: Guid(58bfed693441ae640b211c83694a2f59) Importer(815301076,1909f56bfc062723c751e8b465ee728b)
Start importing Assets/Prefabs/Props/Door_2.prefab using Guid(58bfed693441ae640b211c83694a2f59) Importer(815301076,1909f56bfc062723c751e8b465ee728b)  -> (artifact id: 'eddede8ef3aa595a3ce754296752a96e') in 0.009359 seconds 
  Import took 0.012698 seconds .

========================================================================
Received Import Request.
  Time since last request: 5.826848 seconds.
  path: Assets/Prefabs/Props/Door_2.prefab
  artifactKey: Guid(58bfed693441ae640b211c83694a2f59) Importer(815301076,1909f56bfc062723c751e8b465ee728b)
Start importing Assets/Prefabs/Props/Door_2.prefab using Guid(58bfed693441ae640b211c83694a2f59) Importer(815301076,1909f56bfc062723c751e8b465ee728b)  -> (artifact id: '772cb8916d288453735af7264fbe2628') in 0.009525 seconds 
  Import took 0.013250 seconds .

========================================================================
Received Import Request.
  Time since last request: 7.030273 seconds.
  path: Assets/Prefabs/Props/Door_2.prefab
  artifactKey: Guid(58bfed693441ae640b211c83694a2f59) Importer(815301076,1909f56bfc062723c751e8b465ee728b)
Start importing Assets/Prefabs/Props/Door_2.prefab using Guid(58bfed693441ae640b211c83694a2f59) Importer(815301076,1909f56bfc062723c751e8b465ee728b)  -> (artifact id: 'd7fe06cf29dabf4dfae96612be42b2d6') in 0.015489 seconds 
  Import took 0.018679 seconds .

========================================================================
Received Import Request.
  Time since last request: 8.873193 seconds.
  path: Assets/Prefabs/Props/Door_2.prefab
  artifactKey: Guid(58bfed693441ae640b211c83694a2f59) Importer(815301076,1909f56bfc062723c751e8b465ee728b)
Start importing Assets/Prefabs/Props/Door_2.prefab using Guid(58bfed693441ae640b211c83694a2f59) Importer(815301076,1909f56bfc062723c751e8b465ee728b)  -> (artifact id: '216fb78ae327ed516321d1d343781aae') in 0.012563 seconds 
  Import took 0.015939 seconds .

========================================================================
Received Import Request.
  Time since last request: 8.578955 seconds.
  path: Assets/Prefabs/Props/Door_2.prefab
  artifactKey: Guid(58bfed693441ae640b211c83694a2f59) Importer(815301076,1909f56bfc062723c751e8b465ee728b)
Start importing Assets/Prefabs/Props/Door_2.prefab using Guid(58bfed693441ae640b211c83694a2f59) Importer(815301076,1909f56bfc062723c751e8b465ee728b)  -> (artifact id: '5e953374d31975c69e77c9335366803e') in 0.017371 seconds 
  Import took 0.020715 seconds .

========================================================================
Received Import Request.
  Time since last request: 4.606800 seconds.
  path: Assets/Prefabs/Props/Door_2.prefab
  artifactKey: Guid(58bfed693441ae640b211c83694a2f59) Importer(815301076,1909f56bfc062723c751e8b465ee728b)
Start importing Assets/Prefabs/Props/Door_2.prefab using Guid(58bfed693441ae640b211c83694a2f59) Importer(815301076,1909f56bfc062723c751e8b465ee728b)  -> (artifact id: '6d896376d6c65f546df116eb23812f88') in 0.012260 seconds 
  Import took 0.015733 seconds .

========================================================================
Received Import Request.
  Time since last request: 6.238092 seconds.
  path: Assets/Prefabs/Props/Door_2.prefab
  artifactKey: Guid(58bfed693441ae640b211c83694a2f59) Importer(815301076,1909f56bfc062723c751e8b465ee728b)
Start importing Assets/Prefabs/Props/Door_2.prefab using Guid(58bfed693441ae640b211c83694a2f59) Importer(815301076,1909f56bfc062723c751e8b465ee728b)  -> (artifact id: '6ddd4f751acb19cb8657500780ff0d4c') in 0.011638 seconds 
  Import took 0.014547 seconds .

========================================================================
Received Import Request.
  Time since last request: 11.650597 seconds.
  path: Assets/Prefabs/Props/Door_2.prefab
  artifactKey: Guid(58bfed693441ae640b211c83694a2f59) Importer(815301076,1909f56bfc062723c751e8b465ee728b)
Start importing Assets/Prefabs/Props/Door_2.prefab using Guid(58bfed693441ae640b211c83694a2f59) Importer(815301076,1909f56bfc062723c751e8b465ee728b)  -> (artifact id: '46dd426f7fa1f235db88c08d88b63051') in 0.022613 seconds 
  Import took 0.025668 seconds .

========================================================================
Received Import Request.
  Time since last request: 4.197007 seconds.
  path: Assets/Prefabs/Props/Door_2.prefab
  artifactKey: Guid(58bfed693441ae640b211c83694a2f59) Importer(815301076,1909f56bfc062723c751e8b465ee728b)
Start importing Assets/Prefabs/Props/Door_2.prefab using Guid(58bfed693441ae640b211c83694a2f59) Importer(815301076,1909f56bfc062723c751e8b465ee728b)  -> (artifact id: 'f4c4cd5f90aaf85756f1b7a2eba642e9') in 0.011180 seconds 
  Import took 0.014022 seconds .

========================================================================
Received Import Request.
  Time since last request: 6.827644 seconds.
  path: Assets/Prefabs/Props/Door_2.prefab
  artifactKey: Guid(58bfed693441ae640b211c83694a2f59) Importer(815301076,1909f56bfc062723c751e8b465ee728b)
Start importing Assets/Prefabs/Props/Door_2.prefab using Guid(58bfed693441ae640b211c83694a2f59) Importer(815301076,1909f56bfc062723c751e8b465ee728b)  -> (artifact id: '7329e7be1dad3ed69664e1d5b8622f04') in 0.014757 seconds 
  Import took 0.018328 seconds .

========================================================================
Received Import Request.
  Time since last request: 3.611647 seconds.
  path: Assets/Prefabs/Props/Door_2.prefab
  artifactKey: Guid(58bfed693441ae640b211c83694a2f59) Importer(815301076,1909f56bfc062723c751e8b465ee728b)
Start importing Assets/Prefabs/Props/Door_2.prefab using Guid(58bfed693441ae640b211c83694a2f59) Importer(815301076,1909f56bfc062723c751e8b465ee728b)  -> (artifact id: '4d7520bd4f2f4a6e0f7e25e36dda11ef') in 0.012037 seconds 
  Import took 0.015210 seconds .

========================================================================
Received Prepare
Registering precompiled user dll's ...
Registered in 0.004138 seconds.
Begin MonoManager ReloadAssembly
Native extension for LinuxStandalone target not found
Native extension for WindowsStandalone target not found
Refreshing native plugins compatible for Editor in 0.40 ms, found 2 plugins.
Preloading 0 native plugins for Editor in 0.00 ms.
Mono: successfully reloaded assembly
- Completed reload, in  0.744 seconds
Domain Reload Profiling:
	ReloadAssembly (745ms)
		BeginReloadAssembly (99ms)
			ExecutionOrderSort (0ms)
			DisableScriptedObjects (3ms)
			BackupInstance (0ms)
			ReleaseScriptingObjects (0ms)
			CreateAndSetChildDomain (31ms)
		EndReloadAssembly (598ms)
			LoadAssemblies (77ms)
			RebuildTransferFunctionScriptingTraits (0ms)
			SetupTypeCache (187ms)
			ReleaseScriptCaches (1ms)
			RebuildScriptCaches (25ms)
			SetupLoadedEditorAssemblies (247ms)
				LogAssemblyErrors (0ms)
				InitializePlatformSupportModulesInManaged (6ms)
				SetLoadedEditorAssemblies (0ms)
				RefreshPlugins (0ms)
				BeforeProcessingInitializeOnLoad (68ms)
				ProcessInitializeOnLoadAttributes (164ms)
				ProcessInitializeOnLoadMethodAttributes (3ms)
				AfterProcessingInitializeOnLoad (6ms)
				EditorAssembliesLoaded (0ms)
			ExecutionOrderSort2 (0ms)
			AwakeInstancesAfterBackupRestoration (5ms)
Platform modules already initialized, skipping
Refreshing native plugins compatible for Editor in 0.39 ms, found 2 plugins.
Preloading 0 native plugins for Editor in 0.00 ms.
Unloading 1748 Unused Serialized files (Serialized files now loaded: 0)
System memory in use before: 82.8 MB.
System memory in use after: 82.9 MB.

Unloading 14 unused Assets to reduce memory usage. Loaded Objects now: 2228.
Total: 2.937800 ms (FindLiveObjects: 0.153300 ms CreateObjectMapping: 0.049800 ms MarkObjects: 2.704300 ms  DeleteObjects: 0.029300 ms)

AssetImportParameters requested are different than current active one (requested -> active):
  custom:framework-win-MediaFoundation: 216162199b28c13a410421893ffa2e32 -> 
  custom:video-decoder-ogg-theora: a1e56fd34408186e4bbccfd4996cb3dc -> 
  custom:container-muxer-webm: aa71ff27fc2769a1b78a27578f13a17b -> 
  custom:container-demuxer-webm: 4f35f7cbe854078d1ac9338744f61a02 -> 
  custom:container-demuxer-ogg: 62fdf1f143b41e24485cea50d1cbac27 -> 
  custom:video-encoder-webm-vp8: eb34c28f22e8b96e1ab97ce403110664 -> 
  custom:video-codec-MediaFoundation-h265: 746d11721c4dcdbdad8f713fa42b33f4 -> 
  custom:video-decoder-webm-vp8: 9c59270c3fd7afecdb556c50c9e8de78 -> 
  custom:audio-decoder-ogg-vorbis: bf7c407c2cedff20999df2af8eb42d56 -> 
  custom:audio-encoder-webm-vorbis: bf7c407c2cedff20999df2af8eb42d56 -> 
AssetImportWorkerClient::OnTransportError - code=2 error=End of file
